<?xml version="1.0" encoding="UTF-8"?>
<testsuite name="com.identity.e2e.E2eApplicationTest" tests="0" skipped="0" failures="0" errors="0" timestamp="1970-01-01T00:00:00" hostname="15MBP-13042" time="0.0">
  <properties/>
  <system-out><![CDATA[]]></system-out>
  <system-err><![CDATA[May 19, 2018 6:51:06 AM org.springframework.boot.test.context.SpringBootTestContextBootstrapper buildDefaultMergedContextConfiguration
INFO: Neither @ContextConfiguration nor @ContextHierarchy found for test class [com.identity.e2e.E2eApplicationTest], using SpringBootContextLoader
May 19, 2018 6:51:06 AM org.springframework.test.context.support.AbstractContextLoader generateDefaultLocations
INFO: Could not detect default resource locations for test class [com.identity.e2e.E2eApplicationTest]: no resource found for suffixes {-context.xml, Context.groovy}.
May 19, 2018 6:51:06 AM org.springframework.test.context.support.AnnotationConfigContextLoaderUtils detectDefaultConfigurationClasses
INFO: Could not detect default configuration classes for test class [com.identity.e2e.E2eApplicationTest]: E2eApplicationTest does not declare any static, non-private, non-final, nested classes annotated with @Configuration.
May 19, 2018 6:51:06 AM org.springframework.boot.test.context.SpringBootTestContextBootstrapper getOrFindConfigurationClasses
INFO: Found @SpringBootConfiguration com.identity.e2e.E2eApplication for test class com.identity.e2e.E2eApplicationTest
May 19, 2018 6:51:06 AM org.springframework.boot.test.context.SpringBootTestContextBootstrapper getDefaultTestExecutionListenerClassNames
INFO: Loaded default TestExecutionListener class names from location [META-INF/spring.factories]: [org.springframework.boot.test.autoconfigure.restdocs.RestDocsTestExecutionListener, org.springframework.boot.test.autoconfigure.web.client.MockRestServiceServerResetTestExecutionListener, org.springframework.boot.test.autoconfigure.web.servlet.MockMvcPrintOnlyOnFailureTestExecutionListener, org.springframework.boot.test.autoconfigure.web.servlet.WebDriverTestExecutionListener, org.springframework.boot.test.mock.mockito.MockitoTestExecutionListener, org.springframework.boot.test.mock.mockito.ResetMocksTestExecutionListener, org.springframework.test.context.web.ServletTestExecutionListener, org.springframework.test.context.support.DirtiesContextBeforeModesTestExecutionListener, org.springframework.test.context.support.DependencyInjectionTestExecutionListener, org.springframework.test.context.support.DirtiesContextTestExecutionListener, org.springframework.test.context.transaction.TransactionalTestExecutionListener, org.springframework.test.context.jdbc.SqlScriptsTestExecutionListener]
May 19, 2018 6:51:06 AM org.springframework.boot.test.context.SpringBootTestContextBootstrapper getTestExecutionListeners
INFO: Using TestExecutionListeners: [org.springframework.test.context.web.ServletTestExecutionListener@7d99dbf1, org.springframework.test.context.support.DirtiesContextBeforeModesTestExecutionListener@1e4df831, org.springframework.boot.test.mock.mockito.MockitoTestExecutionListener@643cc77c, org.springframework.boot.test.autoconfigure.SpringBootDependencyInjectionTestExecutionListener@1de9f4cd, org.springframework.test.context.support.DirtiesContextTestExecutionListener@2e1cf2d2, org.springframework.boot.test.autoconfigure.restdocs.RestDocsTestExecutionListener@5fe10b50, org.springframework.boot.test.autoconfigure.web.client.MockRestServiceServerResetTestExecutionListener@5de420f7, org.springframework.boot.test.autoconfigure.web.servlet.MockMvcPrintOnlyOnFailureTestExecutionListener@f79f81a, org.springframework.boot.test.autoconfigure.web.servlet.WebDriverTestExecutionListener@463a0145, org.springframework.boot.test.mock.mockito.ResetMocksTestExecutionListener@11d63959]
]]></system-err>
</testsuite>
