<?xml version="1.0" encoding="UTF-8"?>
<testsuite name="Scenario: Get Vehicles should not read the txt files" tests="4" skipped="0" failures="0" errors="0" timestamp="2018-05-19T15:35:41" hostname="15MBP-13042" time="0.089">
  <properties/>
  <testcase name="Given there are 4 xslx files and 6 csv files and a txt file containing 5 vehicles each" classname="Scenario: Get Vehicles should not read the txt files" time="0.0"/>
  <testcase name="When get vehicles is called" classname="Scenario: Get Vehicles should not read the txt files" time="0.0"/>
  <testcase name="Then only 50 vehicles are returned" classname="Scenario: Get Vehicles should not read the txt files" time="0.0"/>
  <testcase name="classMethod" classname="Scenario: Get Vehicles should not read the txt files" time="3.572"/>
  <system-out><![CDATA[2018-05-19 16:35:40.960  INFO 22721 --- [ null to remote] o.o.selenium.remote.ProtocolHandshake    : Detected dialect: OSS
----------xlsxFiles--4
----------csvFiles--6
----------textFiles--5
----------implement me--
]]></system-out>
  <system-err><![CDATA[Starting ChromeDriver 2.38.552518 (183d19265345f54ce39cbb94cf81ba5f15905011) on port 7602
Only local connections are allowed.
]]></system-err>
</testsuite>
