<?xml version="1.0" encoding="UTF-8"?>
<testsuite name="com.identity.e2e.cuke.RunCucumberTests" tests="0" skipped="0" failures="0" errors="0" timestamp="1970-01-01T00:00:00" hostname="15MBP-13042" time="0.0">
  <properties/>
  <system-out><![CDATA[Feature: Get Vehicles
----------implement me--
----------implement me--

  Scenario: Get Vehicles should not read the txt files                                     ?[90m# com/identity/e2e/cuke/GetVehicles.feature:4?[0m
    ?[32mGiven ?[0m?[32mthere are ?[0m?[32m?[1m4?[0m?[32m xslx files and ?[0m?[32m?[1m6?[0m?[32m csv files and a txt file containing ?[0m?[32m?[1m5?[0m?[32m vehicles each?[0m ?[90m# StepDefs.there_are_xslx_files_and_csv_files_and_a_txt_file_containing_vehicles_each(int,int,int)?[0m
    ?[32mWhen ?[0m?[32mget vehicles is called?[0m                                                            ?[90m# StepDefs.get_vehicles_is_called()?[0m
    ?[32mThen ?[0m?[32monly ?[0m?[32m?[1m50?[0m?[32m vehicles are returned?[0m                                                     ?[90m# StepDefs.only_vehicles_are_returned(int)?[0m

1 Scenarios (?[32m1 passed?[0m)
3 Steps (?[32m3 passed?[0m)
0m0.090s

]]></system-out>
  <system-err><![CDATA[]]></system-err>
</testsuite>
